# JRE version: Java(TM) SE Runtime Environment 18.9 (11.0.11+9) (build 11.0.11+9-LTS-194)
# Java VM: Java HotSpot(TM) 64-Bit Server VM 18.9 (11.0.11+9-LTS-194, mixed mode, tiered, compressed oops, g1 gc, windows-amd64)
Heap:
 garbage-first heap   total 545792K, used 458424K [0x00000000c0000000, 0x0000000100000000)
  region size 1024K, 141 young (144384K), 13 survivors (13312K)
 Metaspace       used 9915K, capacity 10138K, committed 10240K, reserved 1058816K
  class space    used 851K, capacity 923K, committed 1024K, reserved 1048576K
GC Heap History (10 events):
Event: 9.112 GC heap before
{Heap before GC invocations=57 (full 16):
 garbage-first heap   total 524288K, used 296318K [0x00000000c0000000, 0x0000000100000000)
  region size 1024K, 38 young (38912K), 16 survivors (16384K)
 Metaspace       used 9084K, capacity 9283K, committed 9344K, reserved 1058816K
  class space    used 781K, capacity 851K, committed 896K, reserved 1048576K
}
Event: 9.522 GC heap after
{Heap after GC invocations=58 (full 17):
 garbage-first heap   total 524288K, used 275128K [0x00000000c0000000, 0x0000000100000000)
  region size 1024K, 0 young (0K), 0 survivors (0K)
 Metaspace       used 9084K, capacity 9283K, committed 9344K, reserved 1058816K
  class space    used 781K, capacity 851K, committed 896K, reserved 1048576K
}
Event: 9.778 GC heap before
{Heap before GC invocations=58 (full 17):
 garbage-first heap   total 524288K, used 433848K [0x00000000c0000000, 0x0000000100000000)
  region size 1024K, 155 young (158720K), 0 survivors (0K)
 Metaspace       used 9084K, capacity 9283K, committed 9344K, reserved 1058816K
  class space    used 781K, capacity 851K, committed 896K, reserved 1048576K
}
Event: 9.794 GC heap after
{Heap after GC invocations=59 (full 17):
 garbage-first heap   total 524288K, used 289464K [0x00000000c0000000, 0x0000000100000000)
  region size 1024K, 14 young (14336K), 14 survivors (14336K)
 Metaspace       used 9084K, capacity 9283K, committed 9344K, reserved 1058816K
  class space    used 781K, capacity 851K, committed 896K, reserved 1048576K
}
Event: 9.948 GC heap before
{Heap before GC invocations=59 (full 17):
 garbage-first heap   total 524288K, used 436920K [0x00000000c0000000, 0x0000000100000000)
  region size 1024K, 158 young (161792K), 14 survivors (14336K)
 Metaspace       used 9084K, capacity 9283K, committed 9344K, reserved 1058816K
  class space    used 781K, capacity 851K, committed 896K, reserved 1048576K
}
Event: 9.976 GC heap after
{Heap after GC invocations=60 (full 17):
 garbage-first heap   total 524288K, used 302420K [0x00000000c0000000, 0x0000000100000000)
  region size 1024K, 13 young (13312K), 13 survivors (13312K)
 Metaspace       used 9084K, capacity 9283K, committed 9344K, reserved 1058816K
  class space    used 781K, capacity 851K, committed 896K, reserved 1048576K
}
Event: 10.185 GC heap before
{Heap before GC invocations=60 (full 17):
 garbage-first heap   total 524288K, used 439636K [0x00000000c0000000, 0x0000000100000000)
  region size 1024K, 147 young (150528K), 13 survivors (13312K)
 Metaspace       used 9084K, capacity 9283K, committed 9344K, reserved 1058816K
  class space    used 781K, capacity 851K, committed 896K, reserved 1048576K
}
Event: 10.210 GC heap after
{Heap after GC invocations=61 (full 17):
 garbage-first heap   total 545792K, used 315064K [0x00000000c0000000, 0x0000000100000000)
  region size 1024K, 13 young (13312K), 13 survivors (13312K)
 Metaspace       used 9084K, capacity 9283K, committed 9344K, reserved 1058816K
  class space    used 781K, capacity 851K, committed 896K, reserved 1048576K
}
Event: 10.413 GC heap before
{Heap before GC invocations=61 (full 17):
 garbage-first heap   total 545792K, used 458424K [0x00000000c0000000, 0x0000000100000000)
  region size 1024K, 153 young (156672K), 13 survivors (13312K)
 Metaspace       used 9084K, capacity 9283K, committed 9344K, reserved 1058816K
  class space    used 781K, capacity 851K, committed 896K, reserved 1048576K
}
Event: 10.437 GC heap after
{Heap after GC invocations=62 (full 17):
 garbage-first heap   total 545792K, used 328376K [0x00000000c0000000, 0x0000000100000000)
  region size 1024K, 13 young (13312K), 13 survivors (13312K)
 Metaspace       used 9084K, capacity 9283K, committed 9344K, reserved 1058816K
  class space    used 781K, capacity 851K, committed 896K, reserved 1048576K
}

